[debug] ----------------------------------------------------------------------
[debug] Command:      C:\Program Files\nodejs\node.exe C:\Users\Adam\AppData\Roaming\npm\node_modules\firebase-tools\bin\firebase login
[debug] CLI Version:  3.9.0
[debug] Platform:     win32
[debug] Node Version: v6.10.3
[debug] Time:         Tue May 30 2017 14:20:40 GMT-0400 (Eastern Daylight Time)
[debug] ----------------------------------------------------------------------
[debug] 
[debug] Error: EPERM: operation not permitted, rename 'C:\Users\Adam\.config\configstore\firebase-tools.json.2310190985' -> 'C:\Users\Adam\.config\configstore\firebase-tools.json'
    at Error (native)
    at Object.fs.renameSync (fs.js:810:18)
    at Function.writeFileSync [as sync] (C:\Users\Adam\AppData\Roaming\npm\node_modules\firebase-tools\node_modules\configstore\node_modules\write-file-atomic\index.js:124:8)
    at Object.set (C:\Users\Adam\AppData\Roaming\npm\node_modules\firebase-tools\node_modules\configstore\index.js:62:21)
    at Object.Configstore.set (C:\Users\Adam\AppData\Roaming\npm\node_modules\firebase-tools\node_modules\configstore\index.js:93:11)
    at Request._callback (C:\Users\Adam\AppData\Roaming\npm\node_modules\firebase-tools\lib\fetchMOTD.js:51:19)
    at Request.self.callback (C:\Users\Adam\AppData\Roaming\npm\node_modules\firebase-tools\node_modules\request\request.js:188:22)
    at emitTwo (events.js:106:13)
    at Request.emit (events.js:191:7)
    at Request.<anonymous> (C:\Users\Adam\AppData\Roaming\npm\node_modules\firebase-tools\node_modules\request\request.js:1171:10)
[error] 
[error] Error: An unexpected error has occurred.
[debug] ----------------------------------------------------------------------
[debug] Command:      C:\Program Files\nodejs\node.exe C:\Users\Adam\AppData\Roaming\npm\node_modules\firebase-tools\bin\firebase login
[debug] CLI Version:  3.9.0
[debug] Platform:     win32
[debug] Node Version: v6.10.3
[debug] Time:         Tue May 30 2017 14:20:49 GMT-0400 (Eastern Daylight Time)
[debug] ----------------------------------------------------------------------
[debug] 
[debug] Error: EPERM: operation not permitted, rename 'C:\Users\Adam\.config\configstore\firebase-tools.json.4165806719' -> 'C:\Users\Adam\.config\configstore\firebase-tools.json'
    at Error (native)
    at Object.fs.renameSync (fs.js:810:18)
    at Function.writeFileSync [as sync] (C:\Users\Adam\AppData\Roaming\npm\node_modules\firebase-tools\node_modules\configstore\node_modules\write-file-atomic\index.js:124:8)
    at Object.set (C:\Users\Adam\AppData\Roaming\npm\node_modules\firebase-tools\node_modules\configstore\index.js:62:21)
    at Object.Configstore.set (C:\Users\Adam\AppData\Roaming\npm\node_modules\firebase-tools\node_modules\configstore\index.js:93:11)
    at Request._callback (C:\Users\Adam\AppData\Roaming\npm\node_modules\firebase-tools\lib\fetchMOTD.js:51:19)
    at Request.self.callback (C:\Users\Adam\AppData\Roaming\npm\node_modules\firebase-tools\node_modules\request\request.js:188:22)
    at emitTwo (events.js:106:13)
    at Request.emit (events.js:191:7)
    at Request.<anonymous> (C:\Users\Adam\AppData\Roaming\npm\node_modules\firebase-tools\node_modules\request\request.js:1171:10)
[error] 
[error] Error: An unexpected error has occurred.
